#
# There is insufficient memory for the Java Runtime Environment to continue.
# Native memory allocation (malloc) failed to allocate 1592432 bytes for Chunk::new
# Possible reasons:
#   The system is out of physical RAM or swap space
#   The process is running with CompressedOops enabled, and the Java Heap may be blocking the growth of the native heap
# Possible solutions:
#   Reduce memory load on the system
#   Increase physical memory or swap space
#   Check if swap backing store is full
#   Decrease Java heap size (-Xmx/-Xms)
#   Decrease number of Java threads
#   Decrease Java thread stack sizes (-Xss)
#   Set larger code cache with -XX:ReservedCodeCacheSize=
#   JVM is running with Unscaled Compressed Oops mode in which the Java heap is
#     placed in the first 4GB address space. The Java Heap base address is the
#     maximum limit for the native heap growth. Please use -XX:HeapBaseMinAddress
#     to set the Java Heap base and to place the Java Heap above 4GB virtual address.
# This output file may be truncated or incomplete.
#
#  Out of Memory Error (allocation.cpp:389), pid=197428, tid=0x000000000000045c
#
# JRE version: OpenJDK Runtime Environment (8.0_242-b01) (build 1.8.0_242-release-1644-b01)
# Java VM: OpenJDK 64-Bit Server VM (25.242-b01 mixed mode windows-amd64 compressed oops)
# Failed to write core dump. Minidumps are not enabled by default on client versions of Windows
#

---------------  T H R E A D  ---------------

Current thread (0x0000000016c1e000):  JavaThread "C2 CompilerThread1" daemon [_thread_in_native, id=1116, stack(0x0000000018660000,0x0000000018760000)]

Stack: [0x0000000018660000,0x0000000018760000]
[error occurred during error reporting (printing stack bounds), id 0xc0000005]

Native frames: (J=compiled Java code, j=interpreted, Vv=VM code, C=native code)


Current CompileTask:
C2:2261116 37526       4       com.android.tools.r8.t.a.a.f::a (4166 bytes)


---------------  P R O C E S S  ---------------

Java Threads: ( => current thread )
  0x000000001c70b000 JavaThread "WorkerExecutor Queue Thread 7" [_thread_blocked, id=201416, stack(0x0000000032cd0000,0x0000000032dd0000)]
  0x000000001c70a800 JavaThread "WorkerExecutor Queue Thread 6" [_thread_blocked, id=16048, stack(0x0000000032bd0000,0x0000000032cd0000)]
  0x000000001c70c800 JavaThread "ForkJoinPool.commonPool-worker-2" daemon [_thread_blocked, id=203388, stack(0x00000000320d0000,0x00000000321d0000)]
  0x000000001c702000 JavaThread "ForkJoinPool.commonPool-worker-1" daemon [_thread_blocked, id=200104, stack(0x0000000030dd0000,0x0000000030ed0000)]
  0x000000001c709000 JavaThread "ForkJoinPool.commonPool-worker-0" daemon [_thread_blocked, id=202396, stack(0x000000002f8d0000,0x000000002f9d0000)]
  0x000000001c707800 JavaThread "WorkerExecutor Queue Thread 5" [_thread_blocked, id=7352, stack(0x0000000026b30000,0x0000000026c30000)]
  0x000000001c704800 JavaThread "WorkerExecutor Queue Thread 4" [_thread_blocked, id=197736, stack(0x000000002f7d0000,0x000000002f8d0000)]
  0x000000001c703000 JavaThread "Cache worker for Java compile cache (E:\workspace\robot\.gradle\5.4.1\javaCompile)" [_thread_blocked, id=199056, stack(0x000000002de60000,0x000000002df60000)]
  0x000000001c706800 JavaThread "stdout" [_thread_in_native, id=201856, stack(0x000000002a490000,0x000000002a590000)]
  0x000000001ac7f000 JavaThread "stderr" [_thread_in_native, id=15144, stack(0x0000000028b30000,0x0000000028c30000)]
  0x000000001cdba000 JavaThread "stdout" [_thread_in_native, id=6264, stack(0x0000000027e30000,0x0000000027f30000)]
  0x000000001cdb1000 JavaThread "stderr" [_thread_in_native, id=200912, stack(0x0000000027530000,0x0000000027630000)]
  0x000000001ccc2800 JavaThread "pool-39-thread-1" [_thread_blocked, id=112, stack(0x0000000027430000,0x0000000027530000)]
  0x000000001ccb9800 JavaThread "Cache worker for execution history cache (E:\workspace\robot\.gradle\5.4.1\executionHistory)" [_thread_blocked, id=202132, stack(0x0000000026a30000,0x0000000026b30000)]
  0x000000001e4f2000 JavaThread "Execution worker for ':' Thread 3" [_thread_blocked, id=203056, stack(0x0000000026530000,0x0000000026630000)]
  0x000000001e4f3800 JavaThread "Execution worker for ':' Thread 2" [_thread_blocked, id=202760, stack(0x0000000026130000,0x0000000026230000)]
  0x000000001e4f0800 JavaThread "Execution worker for ':'" [_thread_blocked, id=203512, stack(0x0000000026030000,0x0000000026130000)]
  0x000000001e4f5000 JavaThread "Cache worker for file content cache (E:\workspace\robot\.gradle\5.4.1\fileContent)" [_thread_blocked, id=200952, stack(0x00000000255c0000,0x00000000256c0000)]
  0x000000001e4f4800 JavaThread "Cache worker for Build Output Cleanup Cache (E:\workspace\robot\.gradle\buildOutputCleanup)" [_thread_blocked, id=203232, stack(0x0000000024ec0000,0x0000000024fc0000)]
  0x000000001e4ed800 JavaThread "Build operations Thread 4" [_thread_blocked, id=199560, stack(0x0000000024dc0000,0x0000000024ec0000)]
  0x000000001e4ee800 JavaThread "Build operations Thread 3" [_thread_blocked, id=203080, stack(0x00000000232b0000,0x00000000233b0000)]
  0x000000001e4ef000 JavaThread "Build operations Thread 2" [_thread_blocked, id=1796, stack(0x00000000220c0000,0x00000000221c0000)]
  0x000000001e4ea000 JavaThread "Build operations" [_thread_blocked, id=202724, stack(0x0000000021bc0000,0x0000000021cc0000)]
  0x000000001e4e7800 JavaThread "Cache worker for cache directory md-rule (C:\Users\Administrator\.gradle\caches\5.4.1\md-rule)" [_thread_blocked, id=203172, stack(0x00000000208a0000,0x00000000209a0000)]
  0x000000001e025800 JavaThread "Cache worker for cache directory md-supplier (C:\Users\Administrator\.gradle\caches\5.4.1\md-supplier)" [_thread_blocked, id=199748, stack(0x000000001f030000,0x000000001f130000)]
  0x000000001e024000 JavaThread "Cache worker for file hash cache (E:\workspace\robot\.gradle\5.4.1\fileHashes)" [_thread_blocked, id=202508, stack(0x000000001ea50000,0x000000001eb50000)]
  0x000000001e020800 JavaThread "Thread-331" [_thread_blocked, id=199532, stack(0x000000001e950000,0x000000001ea50000)]
  0x000000001e01f800 JavaThread "Stdin handler" [_thread_blocked, id=201520, stack(0x000000001bfb0000,0x000000001c0b0000)]
  0x000000001e023800 JavaThread "Asynchronous log dispatcher for DefaultDaemonConnection: socket connection from /127.0.0.1:52581 to /127.0.0.1:53746" [_thread_blocked, id=198016, stack(0x000000001bcb0000,0x000000001bdb0000)]
  0x000000001e01c000 JavaThread "Daemon worker Thread 10" [_thread_in_native, id=201612, stack(0x000000001bbb0000,0x000000001bcb0000)]
  0x000000001e01b000 JavaThread "Cancel handler" [_thread_blocked, id=202012, stack(0x000000001a8e0000,0x000000001a9e0000)]
  0x000000001e022000 JavaThread "Handler for socket connection from /127.0.0.1:52581 to /127.0.0.1:53746" [_thread_in_native, id=181460, stack(0x000000001a7e0000,0x000000001a8e0000)]
  0x000000001e019800 JavaThread "Daemon Thread 10" [_thread_blocked, id=188736, stack(0x00000000013c0000,0x00000000014c0000)]
  0x000000001ccba800 JavaThread "Cache worker for Java compile cache (C:\Users\Administrator\.gradle\caches\5.4.1\javaCompile)" [_thread_blocked, id=199704, stack(0x00000000256c0000,0x00000000257c0000)]
  0x000000001cdb1800 JavaThread "Cache worker for file content cache (C:\Users\Administrator\.gradle\caches\5.4.1\fileContent)" [_thread_blocked, id=193568, stack(0x00000000231b0000,0x00000000232b0000)]
  0x000000001cdb7800 JavaThread "Memory manager" [_thread_blocked, id=199840, stack(0x0000000022880000,0x0000000022980000)]
  0x000000001cdb2800 JavaThread "Cache worker for execution history cache (C:\Users\Administrator\.gradle\caches\5.4.1\executionHistory)" [_thread_blocked, id=194964, stack(0x00000000207a0000,0x00000000208a0000)]
  0x000000001ac78800 JavaThread "Cache worker for journal cache (C:\Users\Administrator\.gradle\caches\journal-1)" [_thread_blocked, id=171208, stack(0x000000001c2b0000,0x000000001c3b0000)]
  0x000000001ac7b000 JavaThread "File lock request listener" [_thread_in_native, id=195192, stack(0x000000001c1b0000,0x000000001c2b0000)]
  0x000000001ac7c000 JavaThread "Cache worker for file hash cache (C:\Users\Administrator\.gradle\caches\5.4.1\fileHashes)" [_thread_blocked, id=199804, stack(0x000000001c0b0000,0x000000001c1b0000)]
  0x000000001a147800 JavaThread "Daemon periodic checks" [_thread_blocked, id=200408, stack(0x000000001a6e0000,0x000000001a7e0000)]
  0x000000001a138800 JavaThread "Incoming local TCP Connector on port 52581" [_thread_in_native, id=199676, stack(0x000000001a530000,0x000000001a630000)]
  0x0000000019e41000 JavaThread "Daemon health stats" [_thread_blocked, id=200116, stack(0x000000001a230000,0x000000001a330000)]
  0x0000000016c24000 JavaThread "Service Thread" daemon [_thread_blocked, id=184208, stack(0x0000000018860000,0x0000000018960000)]
  0x0000000016c21800 JavaThread "C1 CompilerThread2" daemon [_thread_blocked, id=143196, stack(0x0000000018760000,0x0000000018860000)]
=>0x0000000016c1e000 JavaThread "C2 CompilerThread1" daemon [_thread_in_native, id=1116, stack(0x0000000018660000,0x0000000018760000)]
  0x0000000016c6c800 JavaThread "C2 CompilerThread0" daemon [_thread_in_native, id=186912, stack(0x0000000018560000,0x0000000018660000)]
  0x0000000016c6b800 JavaThread "Attach Listener" daemon [_thread_blocked, id=199808, stack(0x0000000018460000,0x0000000018560000)]
  0x0000000017f70800 JavaThread "Signal Dispatcher" daemon [_thread_blocked, id=198908, stack(0x0000000018360000,0x0000000018460000)]
  0x000000000329b800 JavaThread "Finalizer" daemon [_thread_blocked, id=186068, stack(0x0000000017e60000,0x0000000017f60000)]
  0x0000000003291000 JavaThread "Reference Handler" daemon [_thread_blocked, id=199896, stack(0x0000000017d60000,0x0000000017e60000)]
  0x000000000103e000 JavaThread "main" [_thread_blocked, id=4796, stack(0x00000000030a0000,0x00000000031a0000)]

Other Threads:
  0x0000000016bd6800 VMThread [stack: 0x0000000017c60000,0x0000000017d60000] [id=20300]
  0x0000000017fa4000 WatcherThread [stack: 0x0000000018960000,0x0000000018a60000] [id=199000]

VM state:not at safepoint (normal execution)

VM Mutex/Monitor currently owned by a thread: None

heap address: 0x00000000a0000000, size: 1536 MB, Compressed Oops mode: 32-bit
Narrow klass base: 0x0000000000000000, Narrow klass shift: 3
Compressed class space size: 1073741824 Address: 0x0000000100000000

Heap:
 PSYoungGen      total 346624K, used 232490K [0x00000000e0000000, 0x0000000100000000, 0x0000000100000000)
  eden space 175104K, 61% used [0x00000000e0000000,0x00000000e6936108,0x00000000eab00000)
  from space 171520K, 72% used [0x00000000f5880000,0x00000000fd254848,0x0000000100000000)
  to   space 174592K, 0% used [0x00000000eab00000,0x00000000eab00000,0x00000000f5580000)
 ParOldGen       total 541696K, used 308562K [0x00000000a0000000, 0x00000000c1100000, 0x00000000e0000000)
  object space 541696K, 56% used [0x00000000a0000000,0x00000000b2d54ab0,0x00000000c1100000)
 Metaspace       used 203362K, capacity 211096K, committed 211328K, reserved 1234944K
  class space    used 24327K, capacity 25940K, committed 25984K, reserved 1048576K

Card table byte_map: [0x0000000012660000,0x0000000012970000] byte_map_base: 0x0000000012160000

Marking Bits: (ParMarkBitMap*) 0x000000006453f030
 Begin Bits: [0x0000000012f70000, 0x0000000014770000)
 End Bits:   [0x0000000014770000, 0x0000000015f70000)

Polling page: 0x0000000000bf0000

CodeCache: size=245760Kb used=107083Kb max_used=107119Kb free=138676Kb
 bounds [0x00000000032a0000, 0x0000000009bd0000, 0x00000000122a0000]
 total_blobs=28778 nmethods=27820 adapters=866
 compilation: enabled

Compilation events (10 events):
Event: 2260.560 Thread 0x0000000016c21800 37570       3       com.android.tools.r8.ir.code.IRCode::computeNormalExitBlocks (55 bytes)
Event: 2260.561 Thread 0x0000000016c21800 nmethod 37570 0x0000000009baba90 code [0x0000000009babd20, 0x0000000009bacd28]
Event: 2260.574 Thread 0x0000000016c21800 37572       2       com.android.tools.r8.graph.DexDebugEvent$Default::<init> (40 bytes)
Event: 2260.575 Thread 0x0000000016c21800 nmethod 37572 0x0000000009ba2450 code [0x0000000009ba25a0, 0x0000000009ba26f0]
Event: 2260.590 Thread 0x0000000016c21800 37578       2       com.android.tools.r8.ir.conversion.N::setUp (1 bytes)
Event: 2260.590 Thread 0x0000000016c21800 nmethod 37578 0x0000000009ba2110 code [0x0000000009ba2260, 0x0000000009ba23b0]
Event: 2260.590 Thread 0x0000000016c21800 37579       2       com.android.tools.r8.ir.conversion.N::clear (1 bytes)
Event: 2260.590 Thread 0x0000000016c21800 nmethod 37579 0x0000000009ba1dd0 code [0x0000000009ba1f20, 0x0000000009ba2070]
Event: 2260.824 Thread 0x0000000016c1e000 nmethod 37559% 0x0000000009bb6090 code [0x0000000009bb6ae0, 0x0000000009bbe960]
Event: 2260.825 Thread 0x0000000016c1e000 37526       4       com.android.tools.r8.t.a.a.f::a (4166 bytes)

GC Heap History (10 events):
Event: 2252.713 GC heap before
{Heap before GC invocations=77 (full 7):
 PSYoungGen      total 433152K, used 433140K [0x00000000e0000000, 0x0000000100000000, 0x0000000100000000)
  eden space 352768K, 100% used [0x00000000e0000000,0x00000000f5880000,0x00000000f5880000)
  from space 80384K, 99% used [0x00000000f5880000,0x00000000fa6fd020,0x00000000fa700000)
  to   space 91136K, 0% used [0x00000000fa700000,0x00000000fa700000,0x0000000100000000)
 ParOldGen       total 541696K, used 182036K [0x00000000a0000000, 0x00000000c1100000, 0x00000000e0000000)
  object space 541696K, 33% used [0x00000000a0000000,0x00000000ab1c5000,0x00000000c1100000)
 Metaspace       used 197009K, capacity 204694K, committed 205056K, reserved 1228800K
  class space    used 23667K, capacity 25257K, committed 25344K, reserved 1048576K
Event: 2252.810 GC heap after
Heap after GC invocations=77 (full 7):
 PSYoungGen      total 363520K, used 91117K [0x00000000e0000000, 0x0000000100000000, 0x0000000100000000)
  eden space 272384K, 0% used [0x00000000e0000000,0x00000000e0000000,0x00000000f0a00000)
  from space 91136K, 99% used [0x00000000fa700000,0x00000000ffffb7a8,0x0000000100000000)
  to   space 125952K, 0% used [0x00000000f0a00000,0x00000000f0a00000,0x00000000f8500000)
 ParOldGen       total 541696K, used 224446K [0x00000000a0000000, 0x00000000c1100000, 0x00000000e0000000)
  object space 541696K, 41% used [0x00000000a0000000,0x00000000adb2faf8,0x00000000c1100000)
 Metaspace       used 197009K, capacity 204694K, committed 205056K, reserved 1228800K
  class space    used 23667K, capacity 25257K, committed 25344K, reserved 1048576K
}
Event: 2254.888 GC heap before
{Heap before GC invocations=78 (full 7):
 PSYoungGen      total 363520K, used 363501K [0x00000000e0000000, 0x0000000100000000, 0x0000000100000000)
  eden space 272384K, 100% used [0x00000000e0000000,0x00000000f0a00000,0x00000000f0a00000)
  from space 91136K, 99% used [0x00000000fa700000,0x00000000ffffb7a8,0x0000000100000000)
  to   space 125952K, 0% used [0x00000000f0a00000,0x00000000f0a00000,0x00000000f8500000)
 ParOldGen       total 541696K, used 224446K [0x00000000a0000000, 0x00000000c1100000, 0x00000000e0000000)
  object space 541696K, 41% used [0x00000000a0000000,0x00000000adb2faf8,0x00000000c1100000)
 Metaspace       used 200613K, capacity 208324K, committed 208768K, reserved 1232896K
  class space    used 24057K, capacity 25664K, committed 25728K, reserved 1048576K
Event: 2254.961 GC heap after
Heap after GC invocations=78 (full 7):
 PSYoungGen      total 372736K, used 100244K [0x00000000e0000000, 0x0000000100000000, 0x0000000100000000)
  eden space 272384K, 0% used [0x00000000e0000000,0x00000000e0000000,0x00000000f0a00000)
  from space 100352K, 99% used [0x00000000f0a00000,0x00000000f6be5390,0x00000000f6c00000)
  to   space 137216K, 0% used [0x00000000f7a00000,0x00000000f7a00000,0x0000000100000000)
 ParOldGen       total 541696K, used 224510K [0x00000000a0000000, 0x00000000c1100000, 0x00000000e0000000)
  object space 541696K, 41% used [0x00000000a0000000,0x00000000adb3fb08,0x00000000c1100000)
 Metaspace       used 200613K, capacity 208324K, committed 208768K, reserved 1232896K
  class space    used 24057K, capacity 25664K, committed 25728K, reserved 1048576K
}
Event: 2256.342 GC heap before
{Heap before GC invocations=79 (full 7):
 PSYoungGen      total 372736K, used 372628K [0x00000000e0000000, 0x0000000100000000, 0x0000000100000000)
  eden space 272384K, 100% used [0x00000000e0000000,0x00000000f0a00000,0x00000000f0a00000)
  from space 100352K, 99% used [0x00000000f0a00000,0x00000000f6be5390,0x00000000f6c00000)
  to   space 137216K, 0% used [0x00000000f7a00000,0x00000000f7a00000,0x0000000100000000)
 ParOldGen       total 541696K, used 224510K [0x00000000a0000000, 0x00000000c1100000, 0x00000000e0000000)
  object space 541696K, 41% used [0x00000000a0000000,0x00000000adb3fb08,0x00000000c1100000)
 Metaspace       used 202573K, capacity 210314K, committed 210560K, reserved 1234944K
  class space    used 24266K, capacity 25899K, committed 25984K, reserved 1048576K
Event: 2256.417 GC heap after
Heap after GC invocations=79 (full 7):
 PSYoungGen      total 318464K, used 137212K [0x00000000e0000000, 0x0000000100000000, 0x0000000100000000)
  eden space 181248K, 0% used [0x00000000e0000000,0x00000000e0000000,0x00000000eb100000)
  from space 137216K, 99% used [0x00000000f7a00000,0x00000000fffff300,0x0000000100000000)
  to   space 171520K, 0% used [0x00000000eb100000,0x00000000eb100000,0x00000000f5880000)
 ParOldGen       total 541696K, used 256660K [0x00000000a0000000, 0x00000000c1100000, 0x00000000e0000000)
  object space 541696K, 47% used [0x00000000a0000000,0x00000000afaa5040,0x00000000c1100000)
 Metaspace       used 202573K, capacity 210314K, committed 210560K, reserved 1234944K
  class space    used 24266K, capacity 25899K, committed 25984K, reserved 1048576K
}
Event: 2256.742 GC heap before
{Heap before GC invocations=80 (full 7):
 PSYoungGen      total 318464K, used 318460K [0x00000000e0000000, 0x0000000100000000, 0x0000000100000000)
  eden space 181248K, 100% used [0x00000000e0000000,0x00000000eb100000,0x00000000eb100000)
  from space 137216K, 99% used [0x00000000f7a00000,0x00000000fffff300,0x0000000100000000)
  to   space 171520K, 0% used [0x00000000eb100000,0x00000000eb100000,0x00000000f5880000)
 ParOldGen       total 541696K, used 256660K [0x00000000a0000000, 0x00000000c1100000, 0x00000000e0000000)
  object space 541696K, 47% used [0x00000000a0000000,0x00000000afaa5040,0x00000000c1100000)
 Metaspace       used 203299K, capacity 211084K, committed 211328K, reserved 1234944K
  class space    used 24324K, capacity 25938K, committed 25984K, reserved 1048576K
Event: 2256.878 GC heap after
Heap after GC invocations=80 (full 7):
 PSYoungGen      total 352768K, used 171516K [0x00000000e0000000, 0x0000000100000000, 0x0000000100000000)
  eden space 181248K, 0% used [0x00000000e0000000,0x00000000e0000000,0x00000000eb100000)
  from space 171520K, 99% used [0x00000000eb100000,0x00000000f587f3f8,0x00000000f5880000)
  to   space 171520K, 0% used [0x00000000f5880000,0x00000000f5880000,0x0000000100000000)
 ParOldGen       total 541696K, used 274659K [0x00000000a0000000, 0x00000000c1100000, 0x00000000e0000000)
  object space 541696K, 50% used [0x00000000a0000000,0x00000000b0c38e50,0x00000000c1100000)
 Metaspace       used 203299K, capacity 211084K, committed 211328K, reserved 1234944K
  class space    used 24324K, capacity 25938K, committed 25984K, reserved 1048576K
}
Event: 2258.081 GC heap before
{Heap before GC invocations=81 (full 7):
 PSYoungGen      total 352768K, used 352764K [0x00000000e0000000, 0x0000000100000000, 0x0000000100000000)
  eden space 181248K, 100% used [0x00000000e0000000,0x00000000eb100000,0x00000000eb100000)
  from space 171520K, 99% used [0x00000000eb100000,0x00000000f587f3f8,0x00000000f5880000)
  to   space 171520K, 0% used [0x00000000f5880000,0x00000000f5880000,0x0000000100000000)
 ParOldGen       total 541696K, used 274659K [0x00000000a0000000, 0x00000000c1100000, 0x00000000e0000000)
  object space 541696K, 50% used [0x00000000a0000000,0x00000000b0c38e50,0x00000000c1100000)
 Metaspace       used 203356K, capacity 211096K, committed 211328K, reserved 1234944K
  class space    used 24327K, capacity 25940K, committed 25984K, reserved 1048576K
Event: 2258.174 GC heap after
Heap after GC invocations=81 (full 7):
 PSYoungGen      total 346624K, used 124754K [0x00000000e0000000, 0x0000000100000000, 0x0000000100000000)
  eden space 175104K, 0% used [0x00000000e0000000,0x00000000e0000000,0x00000000eab00000)
  from space 171520K, 72% used [0x00000000f5880000,0x00000000fd254848,0x0000000100000000)
  to   space 174592K, 0% used [0x00000000eab00000,0x00000000eab00000,0x00000000f5580000)
 ParOldGen       total 541696K, used 308562K [0x00000000a0000000, 0x00000000c1100000, 0x00000000e0000000)
  object space 541696K, 56% used [0x00000000a0000000,0x00000000b2d54ab0,0x00000000c1100000)
 Metaspace       used 203356K, capacity 211096K, committed 211328K, reserved 1234944K
  class space    used 24327K, capacity 25940K, committed 25984K, reserved 1048576K
}

Deoptimization events (10 events):
Event: 2248.543 Thread 0x000000001e4f3800 Uncommon trap: reason=unstable_if action=reinterpret pc=0x00000000097da5d0 method=com.google.common.collect.Cut.compareTo(Lcom/google/common/collect/Cut;)I @ 13
Event: 2248.753 Thread 0x000000001e4f3800 Uncommon trap: reason=unstable_if action=reinterpret pc=0x00000000068b3920 method=java.util.Formatter$FormatSpecifier.checkNumeric()V @ 5
Event: 2248.753 Thread 0x000000001e4f3800 Uncommon trap: reason=unstable_if action=reinterpret pc=0x00000000065a70b0 method=java.util.Formatter$FormatSpecifier.print(JLjava/util/Locale;)V @ 15
Event: 2248.771 Thread 0x000000001e4f3800 Uncommon trap: reason=unstable_if action=reinterpret pc=0x0000000009801588 method=com.google.gson.stream.JsonReader.nextNonWhitespace(Z)I @ 61
Event: 2249.031 Thread 0x000000001e4f3800 Uncommon trap: reason=unstable_if action=reinterpret pc=0x00000000098365d4 method=android.databinding.tool.reflection.SdkUtil$ApiChecker.buildFullLookup()V @ 49
Event: 2252.861 Thread 0x000000001e01c000 Uncommon trap: reason=unstable_if action=reinterpret pc=0x000000000991f388 method=com.google.gson.stream.JsonReader.nextNonWhitespace(Z)I @ 61
Event: 2253.388 Thread 0x000000001e01c000 Uncommon trap: reason=unstable_if action=reinterpret pc=0x0000000009991be4 method=android.databinding.tool.reflection.SdkUtil$ApiChecker.buildFullLookup()V @ 49
Event: 2253.630 Thread 0x000000001e01c000 Uncommon trap: reason=class_check action=maybe_recompile pc=0x0000000006051f60 method=com.sun.tools.javac.code.Types$ImplementationCache.implementationInternal(Lcom/sun/tools/javac/code/Symbol$MethodSymbol;Lcom/sun/tools/javac/code/Symbol$TypeSymbol;ZLcom
Event: 2256.514 Thread 0x000000001e01c000 Uncommon trap: reason=unstable_if action=reinterpret pc=0x0000000009ad3108 method=com.google.gson.stream.JsonReader.nextNonWhitespace(Z)I @ 61
Event: 2256.713 Thread 0x000000001e01c000 Uncommon trap: reason=unstable_if action=reinterpret pc=0x0000000009b3b560 method=android.databinding.tool.reflection.SdkUtil$ApiChecker.buildFullLookup()V @ 49

Classes redefined (0 events):
No events

Internal exceptions (10 events):
Event: 2260.648 Thread 0x000000001c704800 Exception <a 'sun/nio/fs/WindowsException'> (0x00000000e65f32d0) thrown at [C:\src\AOSP-openjdk-git\hotspot\src\share\vm\prims\jni.cpp, line 710]
Event: 2260.649 Thread 0x000000001c704800 Exception <a 'sun/nio/fs/WindowsException'> (0x00000000e65f9490) thrown at [C:\src\AOSP-openjdk-git\hotspot\src\share\vm\prims\jni.cpp, line 710]
Event: 2260.651 Thread 0x000000001c704800 Exception <a 'sun/nio/fs/WindowsException'> (0x00000000e6695498) thrown at [C:\src\AOSP-openjdk-git\hotspot\src\share\vm\prims\jni.cpp, line 710]
Event: 2260.654 Thread 0x000000001c704800 Exception <a 'sun/nio/fs/WindowsException'> (0x00000000e66de230) thrown at [C:\src\AOSP-openjdk-git\hotspot\src\share\vm\prims\jni.cpp, line 710]
Event: 2260.654 Thread 0x000000001c704800 Exception <a 'sun/nio/fs/WindowsException'> (0x00000000e66e4db0) thrown at [C:\src\AOSP-openjdk-git\hotspot\src\share\vm\prims\jni.cpp, line 710]
Event: 2260.655 Thread 0x000000001c704800 Exception <a 'sun/nio/fs/WindowsException'> (0x00000000e6770898) thrown at [C:\src\AOSP-openjdk-git\hotspot\src\share\vm\prims\jni.cpp, line 710]
Event: 2260.656 Thread 0x000000001c704800 Exception <a 'sun/nio/fs/WindowsException'> (0x00000000e67775a8) thrown at [C:\src\AOSP-openjdk-git\hotspot\src\share\vm\prims\jni.cpp, line 710]
Event: 2260.657 Thread 0x000000001c704800 Exception <a 'sun/nio/fs/WindowsException'> (0x00000000e67fd7c0) thrown at [C:\src\AOSP-openjdk-git\hotspot\src\share\vm\prims\jni.cpp, line 710]
Event: 2260.657 Thread 0x000000001c704800 Exception <a 'sun/nio/fs/WindowsException'> (0x00000000e6844530) thrown at [C:\src\AOSP-openjdk-git\hotspot\src\share\vm\prims\jni.cpp, line 710]
Event: 2260.658 Thread 0x000000001c704800 Exception <a 'sun/nio/fs/WindowsException'> (0x00000000e684a760) thrown at [C:\src\AOSP-openjdk-git\hotspot\src\share\vm\prims\jni.cpp, line 710]

Events (10 events):
Event: 2260.609 Thread 0x000000001c704800 DEOPT PACKING pc=0x00000000066632bb sp=0x000000002f8cdf40
Event: 2260.609 Thread 0x000000001c704800 DEOPT UNPACKING pc=0x00000000032e75d0 sp=0x000000002f8cdda0 mode 0
Event: 2260.610 Thread 0x000000001c704800 DEOPT PACKING pc=0x0000000005ec0ca1 sp=0x000000002f8cd970
Event: 2260.610 Thread 0x000000001c704800 DEOPT UNPACKING pc=0x00000000032e75d0 sp=0x000000002f8cd6e0 mode 0
Event: 2260.626 Thread 0x000000001c704800 DEOPT PACKING pc=0x0000000004fb0e43 sp=0x000000002f8cdd70
Event: 2260.626 Thread 0x000000001c704800 DEOPT UNPACKING pc=0x00000000032e75d0 sp=0x000000002f8cdb60 mode 0
Event: 2260.655 Thread 0x000000001c704800 DEOPT PACKING pc=0x0000000004fb0ecd sp=0x000000002f8cdd70
Event: 2260.655 Thread 0x000000001c704800 DEOPT UNPACKING pc=0x00000000032e75d0 sp=0x000000002f8cdb60 mode 0
Event: 2260.655 Thread 0x000000001c704800 DEOPT PACKING pc=0x00000000066632bb sp=0x000000002f8cdf40
Event: 2260.655 Thread 0x000000001c704800 DEOPT UNPACKING pc=0x00000000032e75d0 sp=0x000000002f8cdda0 mode 0


Dynamic libraries:
0x00007ff7eef70000 - 0x00007ff7eefa1000 	F:\android-studio\jre\bin\java.exe
0x00007ffc047a0000 - 0x00007ffc04990000 	C:\WINDOWS\SYSTEM32\ntdll.dll
0x00007ffc03b30000 - 0x00007ffc03be2000 	C:\WINDOWS\System32\KERNEL32.DLL
0x00007ffc017d0000 - 0x00007ffc01a74000 	C:\WINDOWS\System32\KERNELBASE.dll
0x00007ffc045b0000 - 0x00007ffc04653000 	C:\WINDOWS\System32\ADVAPI32.dll
0x00007ffc03930000 - 0x00007ffc039ce000 	C:\WINDOWS\System32\msvcrt.dll
0x00007ffc04660000 - 0x00007ffc046f7000 	C:\WINDOWS\System32\sechost.dll
0x00007ffc031a0000 - 0x00007ffc032c0000 	C:\WINDOWS\System32\RPCRT4.dll
0x00007ffc02a20000 - 0x00007ffc02bb5000 	C:\WINDOWS\System32\USER32.dll
0x00007ffc01a80000 - 0x00007ffc01aa1000 	C:\WINDOWS\System32\win32u.dll
0x00007ffc044d0000 - 0x00007ffc044f6000 	C:\WINDOWS\System32\GDI32.dll
0x00007ffc01ed0000 - 0x00007ffc02066000 	C:\WINDOWS\System32\gdi32full.dll
0x00007ffc01e30000 - 0x00007ffc01ece000 	C:\WINDOWS\System32\msvcp_win.dll
0x00007ffc01c50000 - 0x00007ffc01d4a000 	C:\WINDOWS\System32\ucrtbase.dll
0x00007ffbfbd00000 - 0x00007ffbfbf84000 	C:\WINDOWS\WinSxS\amd64_microsoft.windows.common-controls_6595b64144ccf1df_6.0.18362.1016_none_9e7a36bbe461dae4\COMCTL32.dll
0x00007ffc03540000 - 0x00007ffc03875000 	C:\WINDOWS\System32\combase.dll
0x00007ffc01db0000 - 0x00007ffc01e30000 	C:\WINDOWS\System32\bcryptPrimitives.dll
0x00007ffc04500000 - 0x00007ffc0452e000 	C:\WINDOWS\System32\IMM32.DLL
0x0000000063c90000 - 0x0000000063d62000 	F:\android-studio\jre\jre\bin\msvcr100.dll
0x0000000063d70000 - 0x00000000645bb000 	F:\android-studio\jre\jre\bin\server\jvm.dll
0x00007ffc03bf0000 - 0x00007ffc03bf8000 	C:\WINDOWS\System32\PSAPI.DLL
0x00007ffbfcc00000 - 0x00007ffbfcc0a000 	C:\WINDOWS\SYSTEM32\VERSION.dll
0x00007ffbff6e0000 - 0x00007ffbff704000 	C:\WINDOWS\SYSTEM32\WINMM.dll
0x00007ffbfbaf0000 - 0x00007ffbfbaf9000 	C:\WINDOWS\SYSTEM32\WSOCK32.dll
0x00007ffc03c20000 - 0x00007ffc03c8f000 	C:\WINDOWS\System32\WS2_32.dll
0x00007ffbff5b0000 - 0x00007ffbff5dd000 	C:\WINDOWS\SYSTEM32\WINMMBASE.dll
0x00007ffc02070000 - 0x00007ffc020ba000 	C:\WINDOWS\System32\cfgmgr32.dll
0x00007ffbfb0c0000 - 0x00007ffbfb0cf000 	F:\android-studio\jre\jre\bin\verify.dll
0x00007ffbfb070000 - 0x00007ffbfb099000 	F:\android-studio\jre\jre\bin\java.dll
0x00007ffbfb050000 - 0x00007ffbfb066000 	F:\android-studio\jre\jre\bin\zip.dll
0x00007ffc03c90000 - 0x00007ffc04377000 	C:\WINDOWS\System32\SHELL32.dll
0x00007ffc03880000 - 0x00007ffc03929000 	C:\WINDOWS\System32\shcore.dll
0x00007ffc020c0000 - 0x00007ffc02842000 	C:\WINDOWS\System32\windows.storage.dll
0x00007ffc016f0000 - 0x00007ffc01713000 	C:\WINDOWS\System32\profapi.dll
0x00007ffc016a0000 - 0x00007ffc016ea000 	C:\WINDOWS\System32\powrprof.dll
0x00007ffc01650000 - 0x00007ffc01660000 	C:\WINDOWS\System32\UMPDC.dll
0x00007ffc03140000 - 0x00007ffc03192000 	C:\WINDOWS\System32\shlwapi.dll
0x00007ffc01660000 - 0x00007ffc01671000 	C:\WINDOWS\System32\kernel.appcore.dll
0x00007ffc01c00000 - 0x00007ffc01c17000 	C:\WINDOWS\System32\cryptsp.dll
0x00007ffbfafe0000 - 0x00007ffbfaffa000 	F:\android-studio\jre\jre\bin\net.dll
0x00007ffc00e50000 - 0x00007ffc00eb7000 	C:\WINDOWS\system32\mswsock.dll
0x00007ffbfafc0000 - 0x00007ffbfafd3000 	F:\android-studio\jre\jre\bin\nio.dll
0x00007ffbee380000 - 0x00007ffbee3a6000 	C:\Users\Administrator\.gradle\native\29\windows-amd64\native-platform.dll
0x00007ffbfafb0000 - 0x00007ffbfafbd000 	F:\android-studio\jre\jre\bin\management.dll
0x00007ffc009c0000 - 0x00007ffc009f3000 	C:\WINDOWS\system32\rsaenh.dll
0x00007ffc01c20000 - 0x00007ffc01c46000 	C:\WINDOWS\System32\bcrypt.dll
0x00007ffc01570000 - 0x00007ffc01595000 	C:\WINDOWS\SYSTEM32\USERENV.dll
0x00007ffc01020000 - 0x00007ffc0102c000 	C:\WINDOWS\SYSTEM32\CRYPTBASE.dll
0x00007ffc00b60000 - 0x00007ffc00b9a000 	C:\WINDOWS\SYSTEM32\IPHLPAPI.DLL
0x00007ffc039d0000 - 0x00007ffc039d8000 	C:\WINDOWS\System32\NSI.dll
0x00007ffbfc6f0000 - 0x00007ffbfc706000 	C:\WINDOWS\SYSTEM32\dhcpcsvc6.DLL
0x00007ffbfc6d0000 - 0x00007ffbfc6ec000 	C:\WINDOWS\SYSTEM32\dhcpcsvc.DLL
0x00007ffc00ba0000 - 0x00007ffc00c6b000 	C:\WINDOWS\SYSTEM32\DNSAPI.dll
0x00007ffc006a0000 - 0x00007ffc006d1000 	C:\WINDOWS\SYSTEM32\ntmarta.dll
0x00007ffbef4e0000 - 0x00007ffbef504000 	F:\android-studio\jre\jre\bin\sunec.dll
0x00007ffbfc090000 - 0x00007ffbfc09a000 	C:\Windows\System32\rasadhlp.dll
0x00007ffbfc4f0000 - 0x00007ffbfc567000 	C:\WINDOWS\System32\fwpuclnt.dll
0x00007ffbfaf30000 - 0x00007ffbfaf3b000 	F:\android-studio\jre\jre\bin\sunmscapi.dll
0x00007ffc01ab0000 - 0x00007ffc01bf9000 	C:\WINDOWS\System32\CRYPT32.dll
0x00007ffc01680000 - 0x00007ffc01692000 	C:\WINDOWS\System32\MSASN1.dll

VM Arguments:
jvm_args: -Xmx1536m -Dfile.encoding=GBK -Duser.country=CN -Duser.language=zh -Duser.variant 
java_command: org.gradle.launcher.daemon.bootstrap.GradleDaemon 5.4.1
java_class_path (initial): C:\Users\Administrator\.gradle\wrapper\dists\gradle-5.4.1-all\3221gyojl5jsh0helicew7rwx\gradle-5.4.1\lib\gradle-launcher-5.4.1.jar
Launcher Type: SUN_STANDARD

Environment Variables:
JAVA_HOME=C:\java\jdk\jdk1.8.0_73
CLASSPATH=.;C:\java\jdk\jdk1.8.0_73\lib\tools.jar;C:\java\jdk\jdk1.8.0_73\lib\dt.jar;C:\java\jdk\jdk1.8.0_73\jre\lib\rt.jar
PATH=C:\ProgramData\Oracle\Java\javapath;C:\WINDOWS\system32;C:\WINDOWS;C:\WINDOWS\System32\Wbem;C:\WINDOWS\System32\WindowsPowerShell\v1.0\;C:\WINDOWS\System32\OpenSSH\;F:\sdk\platform-tools;C:\Program Files\TortoiseSVN\bin;C:\Program Files\Git\cmd;C:\java\jdk\jdk1.8.0_73\bin;G:\docker\Docker Toolbox
USERNAME=Administrator
OS=Windows_NT
PROCESSOR_IDENTIFIER=Intel64 Family 6 Model 158 Stepping 9, GenuineIntel



---------------  S Y S T E M  ---------------

OS: Windows 10.0 , 64 bit Build 18362 (10.0.18362.959)

CPU:total 4 (initial active 4) (4 cores per cpu, 1 threads per core) family 6 model 158 stepping 9, cmov, cx8, fxsr, mmx, sse, sse2, sse3, ssse3, sse4.1, sse4.2, popcnt, avx, avx2, aes, clmul, erms, rtm, 3dnowpref, lzcnt, tsc, tscinvbit, bmi1, bmi2, adx

Memory: 4k page, physical 16637796k(1340960k free), swap 31188052k(3864k free)

vm_info: OpenJDK 64-Bit Server VM (25.242-b01) for windows-amd64 JRE (1.8.0_242-release-1644-b01), built by "builder" with MS VC++ 10.0 (VS2010)

time: Fri Aug 28 15:48:06 2020
timezone: 中国标准时间
elapsed time: 2261 seconds (0d 0h 37m 41s)

